info it worked if it ends with ok
verbose cli [ 'node', '/usr/local/bin/npm', 'publish' ]
info using npm@1.0.105
info using node@v0.6.2
verbose /usr/local/bin/node node symlink
verbose config file /Users/petr/.npmrc
verbose config file /usr/local/etc/npmrc
verbose config file /usr/local/lib/node_modules/npm/npmrc
verbose publish [ '.' ]
silly testEngine { author: 
silly testEngine    { name: 'Petr Janda',
silly testEngine      email: 'petrjanda@me.com',
silly testEngine      url: 'www.twitter.com/petrjanda' },
silly testEngine   name: 'cqrs',
silly testEngine   version: '0.1.5',
silly testEngine   repository: { type: 'git', url: 'git://github.com/petrjanda/node-cqrs.git' },
silly testEngine   main: './index.js',
silly testEngine   engines: { node: '~0.6.2' },
silly testEngine   scripts: { test: './jasmine-node spec/' },
silly testEngine   dependencies: {},
silly testEngine   devDependencies: { 'jasmine-node': '*' },
silly testEngine   _npmUser: { name: 'petrjanda', email: 'petrjanda@me.com' },
silly testEngine   _id: 'cqrs@0.1.5',
silly testEngine   _engineSupported: true,
silly testEngine   _npmVersion: '1.0.105',
silly testEngine   _nodeVersion: 'v0.6.2',
silly testEngine   _defaultsLoaded: true }
verbose caching /Users/petr/development/node-cqrs/package.json
verbose loadDefaults cqrs@0.1.5
info prepublish cqrs@0.1.5
verbose cache add [ '.', null ]
silly cache add: name, spec, args [ undefined, '.', [ '.', null ] ]
verbose parsed url { pathname: '.', path: '.', href: '.' }
silly testEngine { author: 
silly testEngine    { name: 'Petr Janda',
silly testEngine      email: 'petrjanda@me.com',
silly testEngine      url: 'www.twitter.com/petrjanda' },
silly testEngine   name: 'cqrs',
silly testEngine   version: '0.1.5',
silly testEngine   repository: { type: 'git', url: 'git://github.com/petrjanda/node-cqrs.git' },
silly testEngine   main: './index.js',
silly testEngine   engines: { node: '~0.6.2' },
silly testEngine   scripts: { test: './jasmine-node spec/' },
silly testEngine   dependencies: {},
silly testEngine   devDependencies: { 'jasmine-node': '*' },
silly testEngine   _npmUser: { name: 'petrjanda', email: 'petrjanda@me.com' },
silly testEngine   _id: 'cqrs@0.1.5',
silly testEngine   _engineSupported: true,
silly testEngine   _npmVersion: '1.0.105',
silly testEngine   _nodeVersion: 'v0.6.2',
silly testEngine   _defaultsLoaded: true,
silly testEngine   path: '/Users/petr/development/node-cqrs',
silly testEngine   bundleDependencies: [] }
verbose caching package.json
verbose loadDefaults cqrs@0.1.5
verbose pack /Users/petr/development/node-cqrs /var/folders/YV/YVsSUL0iFviZ-Q5s1RFm1U+++TY/-Tmp-/npm-1325809718929/1325809718929-0.4618248245678842/tmp.tgz
silly makeList /Users/petr/development/node-cqrs
verbose mkdir (expected) error ENOENT, no such file or directory '/var/folders/YV/YVsSUL0iFviZ-Q5s1RFm1U+++TY/-Tmp-/npm-1325809718929'
verbose mkdir (expected) error ENOENT, no such file or directory '/var/folders/YV/YVsSUL0iFviZ-Q5s1RFm1U+++TY/-Tmp-/npm-1325809718929/1325809718929-0.4618248245678842'
verbose mkdir done: /var/folders/YV/YVsSUL0iFviZ-Q5s1RFm1U+++TY/-Tmp-/npm-1325809718929/1325809718929-0.4618248245678842 755
verbose mkdir'ed /var/folders/YV/YVsSUL0iFviZ-Q5s1RFm1U+++TY/-Tmp-/npm-1325809718929/1325809718929-0.4618248245678842
verbose tar about to write tar and gzip it.
silly tar args [ '-czvf', '-', '-T', '-' ]
silly spawning [ 'tar', [ '-czvf', '-', '-T', '-' ], '/Users/petr/development' ]
verbose mkdir (expected) error ENOENT, no such file or directory '/var/folders/YV/YVsSUL0iFviZ-Q5s1RFm1U+++TY/-Tmp-/npm-1325809718929/1325809718929-0.4618248245678842/contents'
verbose mkdir (expected) error ENOENT, no such file or directory '/var/folders/YV/YVsSUL0iFviZ-Q5s1RFm1U+++TY/-Tmp-/npm-1325809718929/1325809718929-0.4618248245678842/contents/___package.npm'
verbose mkdir done: /var/folders/YV/YVsSUL0iFviZ-Q5s1RFm1U+++TY/-Tmp-/npm-1325809718929/1325809718929-0.4618248245678842/contents/___package.npm 755
verbose unpack_ uid, gid [ undefined, undefined ]
verbose unpackTarget /var/folders/YV/YVsSUL0iFviZ-Q5s1RFm1U+++TY/-Tmp-/npm-1325809718929/1325809718929-0.4618248245678842/contents/package
silly gunzTarPerm modes [ '755', '644' ]
silly spawning [ 'tar',
silly spawning   [ '-zmvxpf',
silly spawning     '/var/folders/YV/YVsSUL0iFviZ-Q5s1RFm1U+++TY/-Tmp-/npm-1325809718929/1325809718929-0.4618248245678842/tmp.tgz' ],
silly spawning   '/var/folders/YV/YVsSUL0iFviZ-Q5s1RFm1U+++TY/-Tmp-/npm-1325809718929/1325809718929-0.4618248245678842/contents/___package.npm' ]
silly tar err x node-cqrs/.gitignore
silly tar err x node-cqrs/.npmignore
silly tar err x node-cqrs/index.js
silly tar err x node-cqrs/package.json
silly tar err x node-cqrs/setup.js
silly tar err x node-cqrs/jasmine-node
silly tar err x node-cqrs/lib/aggregate.js
silly tar err x node-cqrs/lib/commandBus.js
silly tar err x node-cqrs/lib/couchdb.js
silly tar err x node-cqrs/lib/view.js
silly tar err x node-cqrs/spec/aggregateSpec.js
silly tar err x node-cqrs/spec/couchdbSpec.js
silly tar exit 0
silly asyncMap in gTP /var/folders/YV/YVsSUL0iFviZ-Q5s1RFm1U+++TY/-Tmp-/npm-1325809718929/1325809718929-0.4618248245678842/contents/___package.npm/node-cqrs
silly asyncMap in gTP /var/folders/YV/YVsSUL0iFviZ-Q5s1RFm1U+++TY/-Tmp-/npm-1325809718929/1325809718929-0.4618248245678842/contents/___package.npm/node-cqrs/.gitignore
silly asyncMap in gTP /var/folders/YV/YVsSUL0iFviZ-Q5s1RFm1U+++TY/-Tmp-/npm-1325809718929/1325809718929-0.4618248245678842/contents/___package.npm/node-cqrs/.npmignore
silly asyncMap in gTP /var/folders/YV/YVsSUL0iFviZ-Q5s1RFm1U+++TY/-Tmp-/npm-1325809718929/1325809718929-0.4618248245678842/contents/___package.npm/node-cqrs/index.js
silly asyncMap in gTP /var/folders/YV/YVsSUL0iFviZ-Q5s1RFm1U+++TY/-Tmp-/npm-1325809718929/1325809718929-0.4618248245678842/contents/___package.npm/node-cqrs/jasmine-node
silly asyncMap in gTP /var/folders/YV/YVsSUL0iFviZ-Q5s1RFm1U+++TY/-Tmp-/npm-1325809718929/1325809718929-0.4618248245678842/contents/___package.npm/node-cqrs/package.json
silly asyncMap in gTP /var/folders/YV/YVsSUL0iFviZ-Q5s1RFm1U+++TY/-Tmp-/npm-1325809718929/1325809718929-0.4618248245678842/contents/___package.npm/node-cqrs/setup.js
silly asyncMap in gTP /var/folders/YV/YVsSUL0iFviZ-Q5s1RFm1U+++TY/-Tmp-/npm-1325809718929/1325809718929-0.4618248245678842/contents/___package.npm/node-cqrs/lib
silly asyncMap in gTP /var/folders/YV/YVsSUL0iFviZ-Q5s1RFm1U+++TY/-Tmp-/npm-1325809718929/1325809718929-0.4618248245678842/contents/___package.npm/node-cqrs/lib/aggregate.js
silly asyncMap in gTP /var/folders/YV/YVsSUL0iFviZ-Q5s1RFm1U+++TY/-Tmp-/npm-1325809718929/1325809718929-0.4618248245678842/contents/___package.npm/node-cqrs/lib/commandBus.js
silly asyncMap in gTP /var/folders/YV/YVsSUL0iFviZ-Q5s1RFm1U+++TY/-Tmp-/npm-1325809718929/1325809718929-0.4618248245678842/contents/___package.npm/node-cqrs/lib/couchdb.js
silly asyncMap in gTP /var/folders/YV/YVsSUL0iFviZ-Q5s1RFm1U+++TY/-Tmp-/npm-1325809718929/1325809718929-0.4618248245678842/contents/___package.npm/node-cqrs/lib/view.js
silly asyncMap in gTP /var/folders/YV/YVsSUL0iFviZ-Q5s1RFm1U+++TY/-Tmp-/npm-1325809718929/1325809718929-0.4618248245678842/contents/___package.npm/node-cqrs/spec
silly asyncMap in gTP /var/folders/YV/YVsSUL0iFviZ-Q5s1RFm1U+++TY/-Tmp-/npm-1325809718929/1325809718929-0.4618248245678842/contents/___package.npm/node-cqrs/spec/aggregateSpec.js
silly asyncMap in gTP /var/folders/YV/YVsSUL0iFviZ-Q5s1RFm1U+++TY/-Tmp-/npm-1325809718929/1325809718929-0.4618248245678842/contents/___package.npm/node-cqrs/spec/couchdbSpec.js
verbose gunzed /var/folders/YV/YVsSUL0iFviZ-Q5s1RFm1U+++TY/-Tmp-/npm-1325809718929/1325809718929-0.4618248245678842/contents/___package.npm/node-cqrs
verbose rm'ed /var/folders/YV/YVsSUL0iFviZ-Q5s1RFm1U+++TY/-Tmp-/npm-1325809718929/1325809718929-0.4618248245678842/contents/package
verbose renamed [ '/var/folders/YV/YVsSUL0iFviZ-Q5s1RFm1U+++TY/-Tmp-/npm-1325809718929/1325809718929-0.4618248245678842/contents/___package.npm/node-cqrs',
verbose renamed   '/var/folders/YV/YVsSUL0iFviZ-Q5s1RFm1U+++TY/-Tmp-/npm-1325809718929/1325809718929-0.4618248245678842/contents/package' ]
silly testEngine { author: 
silly testEngine    { name: 'Petr Janda',
silly testEngine      email: 'petrjanda@me.com',
silly testEngine      url: 'www.twitter.com/petrjanda' },
silly testEngine   name: 'cqrs',
silly testEngine   version: '0.1.5',
silly testEngine   repository: { type: 'git', url: 'git://github.com/petrjanda/node-cqrs.git' },
silly testEngine   main: './index.js',
silly testEngine   engines: { node: '~0.6.2' },
silly testEngine   scripts: { test: './jasmine-node spec/' },
silly testEngine   dependencies: {},
silly testEngine   devDependencies: { 'jasmine-node': '*' },
silly testEngine   _npmUser: { name: 'petrjanda', email: 'petrjanda@me.com' },
silly testEngine   _id: 'cqrs@0.1.5',
silly testEngine   _engineSupported: true,
silly testEngine   _npmVersion: '1.0.105',
silly testEngine   _nodeVersion: 'v0.6.2',
silly testEngine   _defaultsLoaded: true,
silly testEngine   path: '/var/folders/YV/YVsSUL0iFviZ-Q5s1RFm1U+++TY/-Tmp-/npm-1325809718929/1325809718929-0.4618248245678842/contents/package' }
verbose caching /var/folders/YV/YVsSUL0iFviZ-Q5s1RFm1U+++TY/-Tmp-/npm-1325809718929/1325809718929-0.4618248245678842/contents/package/package.json
verbose loadDefaults cqrs@0.1.5
verbose tarball contents [ 'package' ]
verbose from cache /var/folders/YV/YVsSUL0iFviZ-Q5s1RFm1U+++TY/-Tmp-/npm-1325809718929/1325809718929-0.4618248245678842/contents/package/package.json
verbose pack /var/folders/YV/YVsSUL0iFviZ-Q5s1RFm1U+++TY/-Tmp-/npm-1325809718929/1325809718929-0.4618248245678842/contents/package /Users/petr/.npm/cqrs/0.1.5/package.tgz
silly makeList /var/folders/YV/YVsSUL0iFviZ-Q5s1RFm1U+++TY/-Tmp-/npm-1325809718929/1325809718929-0.4618248245678842/contents/package
verbose mkdir'ed /Users/petr/.npm/cqrs/0.1.5
verbose tar about to write tar and gzip it.
silly tar args [ '-czvf', '-', '-T', '-' ]
silly spawning [ 'tar',
silly spawning   [ '-czvf', '-', '-T', '-' ],
silly spawning   '/var/folders/YV/YVsSUL0iFviZ-Q5s1RFm1U+++TY/-Tmp-/npm-1325809718929/1325809718929-0.4618248245678842/contents' ]
verbose mkdir (expected) error ENOENT, no such file or directory '/Users/petr/.npm/cqrs/0.1.5/___package.npm'
verbose mkdir done: /Users/petr/.npm/cqrs/0.1.5/___package.npm 755
verbose unpack_ uid, gid [ undefined, undefined ]
verbose unpackTarget /Users/petr/.npm/cqrs/0.1.5/package
silly gunzTarPerm modes [ '755', '644' ]
silly spawning [ 'tar',
silly spawning   [ '-zmvxpf', '/Users/petr/.npm/cqrs/0.1.5/package.tgz' ],
silly spawning   '/Users/petr/.npm/cqrs/0.1.5/___package.npm' ]
silly tar err x package/.gitignore
silly tar err x package/.npmignore
silly tar err x package/index.js
silly tar err x package/package.json
silly tar err x package/setup.js
silly tar err x package/jasmine-node
silly tar err x package/lib/aggregate.js
silly tar err x package/lib/commandBus.js
silly tar err x package/lib/couchdb.js
silly tar err x package/lib/view.js
silly tar err x package/spec/aggregateSpec.js
silly tar err x package/spec/couchdbSpec.js
silly tar exit 0
silly asyncMap in gTP /Users/petr/.npm/cqrs/0.1.5/___package.npm/package
silly asyncMap in gTP /Users/petr/.npm/cqrs/0.1.5/___package.npm/package/.gitignore
silly asyncMap in gTP /Users/petr/.npm/cqrs/0.1.5/___package.npm/package/.npmignore
silly asyncMap in gTP /Users/petr/.npm/cqrs/0.1.5/___package.npm/package/index.js
silly asyncMap in gTP /Users/petr/.npm/cqrs/0.1.5/___package.npm/package/jasmine-node
silly asyncMap in gTP /Users/petr/.npm/cqrs/0.1.5/___package.npm/package/package.json
silly asyncMap in gTP /Users/petr/.npm/cqrs/0.1.5/___package.npm/package/setup.js
silly asyncMap in gTP /Users/petr/.npm/cqrs/0.1.5/___package.npm/package/lib
silly asyncMap in gTP /Users/petr/.npm/cqrs/0.1.5/___package.npm/package/lib/aggregate.js
silly asyncMap in gTP /Users/petr/.npm/cqrs/0.1.5/___package.npm/package/lib/commandBus.js
silly asyncMap in gTP /Users/petr/.npm/cqrs/0.1.5/___package.npm/package/lib/couchdb.js
silly asyncMap in gTP /Users/petr/.npm/cqrs/0.1.5/___package.npm/package/lib/view.js
silly asyncMap in gTP /Users/petr/.npm/cqrs/0.1.5/___package.npm/package/spec
silly asyncMap in gTP /Users/petr/.npm/cqrs/0.1.5/___package.npm/package/spec/aggregateSpec.js
silly asyncMap in gTP /Users/petr/.npm/cqrs/0.1.5/___package.npm/package/spec/couchdbSpec.js
verbose gunzed /Users/petr/.npm/cqrs/0.1.5/___package.npm/package
verbose rm'ed /Users/petr/.npm/cqrs/0.1.5/package
verbose renamed [ '/Users/petr/.npm/cqrs/0.1.5/___package.npm/package',
verbose renamed   '/Users/petr/.npm/cqrs/0.1.5/package' ]
silly testEngine { author: 
silly testEngine    { name: 'Petr Janda',
silly testEngine      email: 'petrjanda@me.com',
silly testEngine      url: 'www.twitter.com/petrjanda' },
silly testEngine   name: 'cqrs',
silly testEngine   version: '0.1.5',
silly testEngine   repository: { type: 'git', url: 'git://github.com/petrjanda/node-cqrs.git' },
silly testEngine   main: './index.js',
silly testEngine   engines: { node: '~0.6.2' },
silly testEngine   scripts: { test: './jasmine-node spec/' },
silly testEngine   dependencies: {},
silly testEngine   devDependencies: { 'jasmine-node': '*' },
silly testEngine   _npmUser: { name: 'petrjanda', email: 'petrjanda@me.com' },
silly testEngine   _id: 'cqrs@0.1.5',
silly testEngine   _engineSupported: true,
silly testEngine   _npmVersion: '1.0.105',
silly testEngine   _nodeVersion: 'v0.6.2',
silly testEngine   _defaultsLoaded: true,
silly testEngine   dist: 
silly testEngine    { shasum: '81eaaec46d34e193f63bc23c778aee331367a559',
silly testEngine      tarball: 'http://registry.npmjs.org/cqrs/-/cqrs-0.1.5.tgz' } }
verbose caching /Users/petr/.npm/cqrs/0.1.5/package/package.json
verbose loadDefaults cqrs@0.1.5
silly updated sha bytes 10240
info shasum 81eaaec46d34e193f63bc23c778aee331367a559
info shasum /Users/petr/.npm/cqrs/0.1.5/package.tgz
verbose from cache /Users/petr/.npm/cqrs/0.1.5/package/package.json
verbose chmod /Users/petr/.npm/cqrs/0.1.5/package.tgz 644
verbose chown [ '/Users/petr/.npm/cqrs/0.1.5/package.tgz', 505, 20 ]
silly publish { author: 
silly publish    { name: 'Petr Janda',
silly publish      email: 'petrjanda@me.com',
silly publish      url: 'www.twitter.com/petrjanda' },
silly publish   name: 'cqrs',
silly publish   version: '0.1.5',
silly publish   repository: { type: 'git', url: 'git://github.com/petrjanda/node-cqrs.git' },
silly publish   main: './index.js',
silly publish   engines: { node: '~0.6.2' },
silly publish   scripts: { test: './jasmine-node spec/' },
silly publish   dependencies: {},
silly publish   devDependencies: { 'jasmine-node': '*' },
silly publish   _npmUser: { name: 'petrjanda', email: 'petrjanda@me.com' },
silly publish   _id: 'cqrs@0.1.5',
silly publish   _engineSupported: true,
silly publish   _npmVersion: '1.0.105',
silly publish   _nodeVersion: 'v0.6.2',
silly publish   _defaultsLoaded: true,
silly publish   dist: 
silly publish    { shasum: '81eaaec46d34e193f63bc23c778aee331367a559',
silly publish      tarball: 'http://registry.npmjs.org/cqrs/-/cqrs-0.1.5.tgz' } }
verbose PUT cqrs
verbose raw, before any munging cqrs
verbose url resolving [ 'https://registry.npmjs.org/', './cqrs' ]
verbose url resolved https://registry.npmjs.org/cqrs
verbose GET cqrs
verbose raw, before any munging cqrs
verbose url resolving [ 'https://registry.npmjs.org/', './cqrs' ]
verbose url resolved https://registry.npmjs.org/cqrs
info Already published cqrs@0.1.5
verbose uploading bin dists []
ERR! publish fail Cannot publish over existing version.
ERR! publish fail Bump the 'version' field, set the --force flag, or
ERR! publish fail     npm unpublish 'cqrs@0.1.5'
ERR! publish fail and try again
ERR! 
ERR! System Darwin 10.7.0
ERR! command "node" "/usr/local/bin/npm" "publish"
ERR! cwd /Users/petr/development/node-cqrs
ERR! node -v v0.6.2
ERR! npm -v 1.0.105
ERR! code EPUBLISHCONFLICT
verbose exit [ 1, true ]
